#-----------------------------------------------------------
# Vivado v2024.2 (64-bit)
# SW Build 5239630 on Fri Nov 08 22:34:34 MST 2024
# IP Build 5239520 on Sun Nov 10 16:12:51 MST 2024
# SharedData Build 5239561 on Fri Nov 08 14:39:27 MST 2024
# Start of session at: Sat Dec 28 00:26:13 2024
# Process ID         : 32136
# Current directory  : /home/yanarion/Projet/basys3_enigme_scout
# Command line       : vivado -mode tcl synthese-implementation/labo_3_synth_impl.tcl
# Log file           : /home/yanarion/Projet/basys3_enigme_scout/vivado.log
# Journal file       : /home/yanarion/Projet/basys3_enigme_scout/vivado.jou
# Running On         : YannTourArch
# Platform           : Arch
# Operating System   : Arch Linux
# Processor Detail   : AMD Ryzen 7 5800X 8-Core Processor
# CPU Frequency      : 550.000 MHz
# CPU Physical cores : 8
# CPU Logical cores  : 16
# Host memory        : 50435 MB
# Swap memory        : 4294 MB
# Total Virtual      : 54730 MB
# Available Virtual  : 47471 MB
#-----------------------------------------------------------
open_project synthese-implementation/labo_3_synth_impl.tcl
ERROR: [Coretcl 2-1982] Invalid project file name. File must have a valid project extension (.ppr/.xpr). Provided: synthese-implementation/labo_3_synth_impl.tcl
