#-----------------------------------------------------------
# Vivado v2024.2 (64-bit)
# SW Build 5239630 on Fri Nov 08 22:34:34 MST 2024
# IP Build 5239520 on Sun Nov 10 16:12:51 MST 2024
# SharedData Build 5239561 on Fri Nov 08 14:39:27 MST 2024
# Start of session at: Sat Dec 28 00:45:36 2024
# Process ID         : 85800
# Current directory  : /home/yanarion/Projet/basys3_enigme_scout/synthese-implementation
# Command line       : vivado -mode tcl -script labo_3_synth_impl.tcl
# Log file           : /home/yanarion/Projet/basys3_enigme_scout/synthese-implementation/vivado.log
# Journal file       : /home/yanarion/Projet/basys3_enigme_scout/synthese-implementation/vivado.jou
# Running On         : YannTourArch
# Platform           : Arch
# Operating System   : Arch Linux
# Processor Detail   : AMD Ryzen 7 5800X 8-Core Processor
# CPU Frequency      : 550.000 MHz
# CPU Physical cores : 8
# CPU Logical cores  : 16
# Host memory        : 50435 MB
# Swap memory        : 4294 MB
# Total Virtual      : 54730 MB
# Available Virtual  : 35908 MB
#-----------------------------------------------------------
source labo_3_synth_impl.tcl
# read_vhdl -vhdl2008 ../sources/utilitaires_inf3500_pkg.vhd
# read_vhdl -vhdl2008 ../sources/generateur_horloge_precis.vhd
# read_vhdl -vhdl2008 ../sources/monopulseur.vhd 
# read_vhdl -vhdl2008 ../sources/cadenas_labo_3.vhd
# read_vhdl -vhdl2008 ../sources/top_labo_3.vhd
# read_xdc ../xdc/basys_3_top.xdc
# synth_design -top top_labo_3 -part xc7a35tcpg236-1 -assert
Command: synth_design -top top_labo_3 -part xc7a35tcpg236-1 -assert
Starting synth_design
Attempting to get a license for feature 'Synthesis' and/or device 'xc7a35t'
INFO: [Common 17-349] Got license for feature 'Synthesis' and/or device 'xc7a35t'
INFO: [Device 21-403] Loading part xc7a35tcpg236-1
INFO: [Synth 8-7079] Multithreading enabled for synth_design using a maximum of 7 processes.
INFO: [Synth 8-7078] Launching helper process for spawning children vivado processes
INFO: [Synth 8-7075] Helper process launched with PID 85820
---------------------------------------------------------------------------------
Starting RTL Elaboration : Time (s): cpu = 00:00:02 ; elapsed = 00:00:02 . Memory (MB): peak = 1888.117 ; gain = 427.801 ; free physical = 13490 ; free virtual = 33127
---------------------------------------------------------------------------------
INFO: [Synth 8-638] synthesizing module 'top_labo_3' [/home/yanarion/Projet/basys3_enigme_scout/sources/top_labo_3.vhd:32]
INFO: [Synth 8-638] synthesizing module 'generateur_horloge_precis' [/home/yanarion/Projet/basys3_enigme_scout/sources/generateur_horloge_precis.vhd:28]
	Parameter freq_in bound to: 100000000 - type: integer 
	Parameter freq_out bound to: 50 - type: integer 
INFO: [Synth 8-256] done synthesizing module 'generateur_horloge_precis' (0#1) [/home/yanarion/Projet/basys3_enigme_scout/sources/generateur_horloge_precis.vhd:28]
INFO: [Synth 8-638] synthesizing module 'monopulseur' [/home/yanarion/Projet/basys3_enigme_scout/sources/monopulseur.vhd:56]
	Parameter polarite_bouton_active bound to: 1'b1 
	Parameter polarite_sortie_active bound to: 1'b1 
	Parameter duree_rebond bound to: 1 - type: integer 
	Parameter duree_impulsion bound to: 1 - type: integer 
INFO: [Synth 8-256] done synthesizing module 'monopulseur' (0#1) [/home/yanarion/Projet/basys3_enigme_scout/sources/monopulseur.vhd:56]
INFO: [Synth 8-638] synthesizing module 'cadenas_labo_3' [/home/yanarion/Projet/basys3_enigme_scout/sources/cadenas_labo_3.vhd:28]
	Parameter M bound to: 5 - type: integer 
	Parameter N bound to: 4 - type: integer 
INFO: [Synth 8-256] done synthesizing module 'cadenas_labo_3' (0#1) [/home/yanarion/Projet/basys3_enigme_scout/sources/cadenas_labo_3.vhd:28]
INFO: [Synth 8-256] done synthesizing module 'top_labo_3' (0#1) [/home/yanarion/Projet/basys3_enigme_scout/sources/top_labo_3.vhd:32]
WARNING: [Synth 8-7129] Port boutons[3] in module cadenas_labo_3 is either unconnected or has no load
WARNING: [Synth 8-7129] Port boutons[2] in module cadenas_labo_3 is either unconnected or has no load
WARNING: [Synth 8-7129] Port boutons[1] in module cadenas_labo_3 is either unconnected or has no load
WARNING: [Synth 8-7129] Port boutons[0] in module cadenas_labo_3 is either unconnected or has no load
WARNING: [Synth 8-7129] Port switch[15] in module cadenas_labo_3 is either unconnected or has no load
WARNING: [Synth 8-7129] Port switch[14] in module cadenas_labo_3 is either unconnected or has no load
WARNING: [Synth 8-7129] Port switch[13] in module cadenas_labo_3 is either unconnected or has no load
WARNING: [Synth 8-7129] Port switch[12] in module cadenas_labo_3 is either unconnected or has no load
WARNING: [Synth 8-7129] Port switch[11] in module cadenas_labo_3 is either unconnected or has no load
WARNING: [Synth 8-7129] Port switch[10] in module cadenas_labo_3 is either unconnected or has no load
WARNING: [Synth 8-7129] Port switch[9] in module cadenas_labo_3 is either unconnected or has no load
WARNING: [Synth 8-7129] Port switch[8] in module cadenas_labo_3 is either unconnected or has no load
WARNING: [Synth 8-7129] Port switch[7] in module cadenas_labo_3 is either unconnected or has no load
WARNING: [Synth 8-7129] Port switch[6] in module cadenas_labo_3 is either unconnected or has no load
WARNING: [Synth 8-7129] Port switch[5] in module cadenas_labo_3 is either unconnected or has no load
WARNING: [Synth 8-7129] Port switch[4] in module cadenas_labo_3 is either unconnected or has no load
WARNING: [Synth 8-7129] Port switch[3] in module cadenas_labo_3 is either unconnected or has no load
WARNING: [Synth 8-7129] Port switch[2] in module cadenas_labo_3 is either unconnected or has no load
WARNING: [Synth 8-7129] Port switch[1] in module cadenas_labo_3 is either unconnected or has no load
WARNING: [Synth 8-7129] Port led[5] in module top_labo_3 is either unconnected or has no load
WARNING: [Synth 8-7129] Port led[4] in module top_labo_3 is either unconnected or has no load
WARNING: [Synth 8-7129] Port led[3] in module top_labo_3 is either unconnected or has no load
WARNING: [Synth 8-7129] Port led[2] in module top_labo_3 is either unconnected or has no load
---------------------------------------------------------------------------------
Finished RTL Elaboration : Time (s): cpu = 00:00:03 ; elapsed = 00:00:03 . Memory (MB): peak = 1962.055 ; gain = 501.738 ; free physical = 13413 ; free virtual = 33050
---------------------------------------------------------------------------------
---------------------------------------------------------------------------------
Start Handling Custom Attributes
---------------------------------------------------------------------------------
---------------------------------------------------------------------------------
Finished Handling Custom Attributes : Time (s): cpu = 00:00:03 ; elapsed = 00:00:03 . Memory (MB): peak = 1979.867 ; gain = 519.551 ; free physical = 13400 ; free virtual = 33038
---------------------------------------------------------------------------------
---------------------------------------------------------------------------------
Finished RTL Optimization Phase 1 : Time (s): cpu = 00:00:03 ; elapsed = 00:00:03 . Memory (MB): peak = 1979.867 ; gain = 519.551 ; free physical = 13400 ; free virtual = 33038
---------------------------------------------------------------------------------
Netlist sorting complete. Time (s): cpu = 00:00:00 ; elapsed = 00:00:00 . Memory (MB): peak = 1979.867 ; gain = 0.000 ; free physical = 13400 ; free virtual = 33038
INFO: [Project 1-570] Preparing netlist for logic optimization

Processing XDC Constraints
Initializing timing engine
Parsing XDC File [/home/yanarion/Projet/basys3_enigme_scout/xdc/basys_3_top.xdc]
Finished Parsing XDC File [/home/yanarion/Projet/basys3_enigme_scout/xdc/basys_3_top.xdc]
INFO: [Project 1-236] Implementation specific constraints were found while reading constraint file [/home/yanarion/Projet/basys3_enigme_scout/xdc/basys_3_top.xdc]. These constraints will be ignored for synthesis but will be used in implementation. Impacted constraints are listed in the file [.Xil/top_labo_3_propImpl.xdc].
Resolution: To avoid this warning, move constraints listed in [.Xil/top_labo_3_propImpl.xdc] to another XDC file and exclude this new file from synthesis with the used_in_synthesis property (File Properties dialog in GUI) and re-run elaboration/synthesis.
Completed Processing XDC Constraints

Netlist sorting complete. Time (s): cpu = 00:00:00 ; elapsed = 00:00:00 . Memory (MB): peak = 2124.617 ; gain = 0.000 ; free physical = 13317 ; free virtual = 32954
INFO: [Project 1-111] Unisim Transformation Summary:
No Unisim elements were transformed.

Constraint Validation Runtime : Time (s): cpu = 00:00:00 ; elapsed = 00:00:00 . Memory (MB): peak = 2124.617 ; gain = 0.000 ; free physical = 13317 ; free virtual = 32954
---------------------------------------------------------------------------------
Finished Constraint Validation : Time (s): cpu = 00:00:07 ; elapsed = 00:00:07 . Memory (MB): peak = 2124.617 ; gain = 664.301 ; free physical = 13362 ; free virtual = 33000
---------------------------------------------------------------------------------
---------------------------------------------------------------------------------
Start Loading Part and Timing Information
---------------------------------------------------------------------------------
Loading part: xc7a35tcpg236-1
---------------------------------------------------------------------------------
Finished Loading Part and Timing Information : Time (s): cpu = 00:00:07 ; elapsed = 00:00:07 . Memory (MB): peak = 2132.621 ; gain = 672.305 ; free physical = 13362 ; free virtual = 33000
---------------------------------------------------------------------------------
---------------------------------------------------------------------------------
Start Applying 'set_property' XDC Constraints
---------------------------------------------------------------------------------
---------------------------------------------------------------------------------
Finished applying 'set_property' XDC Constraints : Time (s): cpu = 00:00:07 ; elapsed = 00:00:07 . Memory (MB): peak = 2132.621 ; gain = 672.305 ; free physical = 13363 ; free virtual = 33000
---------------------------------------------------------------------------------
INFO: [Synth 8-802] inferred FSM for state register 'etat_reg' in module 'monopulseur'
---------------------------------------------------------------------------------------------------
                   State |                     New Encoding |                Previous Encoding 
---------------------------------------------------------------------------------------------------
           attend_action |                              000 |                              000
            action_recue |                              001 |                              001
    stabilisation_action |                              010 |                              010
          attend_relache |                              011 |                              011
           relache_recue |                              100 |                              100
   stabilisation_relache |                              101 |                              101
---------------------------------------------------------------------------------------------------
INFO: [Synth 8-3354] encoded FSM with state register 'etat_reg' using encoding 'sequential' in module 'monopulseur'
---------------------------------------------------------------------------------
Finished RTL Optimization Phase 2 : Time (s): cpu = 00:00:07 ; elapsed = 00:00:07 . Memory (MB): peak = 2132.621 ; gain = 672.305 ; free physical = 13363 ; free virtual = 33001
---------------------------------------------------------------------------------
---------------------------------------------------------------------------------
Start RTL Component Statistics 
---------------------------------------------------------------------------------
Detailed RTL Component Info : 
+---Adders : 
	   2 Input   20 Bit       Adders := 1     
	   2 Input    1 Bit       Adders := 5     
+---Registers : 
	               20 Bit    Registers := 1     
	                3 Bit    Registers := 1     
	                1 Bit    Registers := 16    
+---Muxes : 
	   2 Input    8 Bit        Muxes := 4     
	   4 Input    8 Bit        Muxes := 1     
	   2 Input    7 Bit        Muxes := 3     
	   4 Input    4 Bit        Muxes := 1     
	   6 Input    3 Bit        Muxes := 5     
	   2 Input    1 Bit        Muxes := 11    
	   6 Input    1 Bit        Muxes := 15    
---------------------------------------------------------------------------------
Finished RTL Component Statistics 
---------------------------------------------------------------------------------
---------------------------------------------------------------------------------
Start Part Resource Summary
---------------------------------------------------------------------------------
Part Resources:
DSPs: 90 (col length:60)
BRAMs: 100 (col length: RAMB18 60 RAMB36 30)
---------------------------------------------------------------------------------
Finished Part Resource Summary
---------------------------------------------------------------------------------
---------------------------------------------------------------------------------
Start Cross Boundary and Area Optimization
---------------------------------------------------------------------------------
WARNING: [Synth 8-7080] Parallel synthesis criteria is not met
WARNING: [Synth 8-3917] design top_labo_3 has port led[0] driven by constant 0
WARNING: [Synth 8-7129] Port led[5] in module top_labo_3 is either unconnected or has no load
WARNING: [Synth 8-7129] Port led[4] in module top_labo_3 is either unconnected or has no load
WARNING: [Synth 8-7129] Port led[3] in module top_labo_3 is either unconnected or has no load
WARNING: [Synth 8-7129] Port led[2] in module top_labo_3 is either unconnected or has no load
WARNING: [Synth 8-7129] Port sw[15] in module top_labo_3 is either unconnected or has no load
WARNING: [Synth 8-7129] Port sw[14] in module top_labo_3 is either unconnected or has no load
WARNING: [Synth 8-7129] Port sw[13] in module top_labo_3 is either unconnected or has no load
WARNING: [Synth 8-7129] Port sw[12] in module top_labo_3 is either unconnected or has no load
WARNING: [Synth 8-7129] Port sw[11] in module top_labo_3 is either unconnected or has no load
WARNING: [Synth 8-7129] Port sw[10] in module top_labo_3 is either unconnected or has no load
WARNING: [Synth 8-7129] Port sw[9] in module top_labo_3 is either unconnected or has no load
WARNING: [Synth 8-7129] Port sw[8] in module top_labo_3 is either unconnected or has no load
WARNING: [Synth 8-7129] Port sw[7] in module top_labo_3 is either unconnected or has no load
WARNING: [Synth 8-7129] Port sw[6] in module top_labo_3 is either unconnected or has no load
WARNING: [Synth 8-7129] Port sw[5] in module top_labo_3 is either unconnected or has no load
WARNING: [Synth 8-7129] Port sw[4] in module top_labo_3 is either unconnected or has no load
WARNING: [Synth 8-7129] Port sw[3] in module top_labo_3 is either unconnected or has no load
WARNING: [Synth 8-7129] Port sw[2] in module top_labo_3 is either unconnected or has no load
WARNING: [Synth 8-7129] Port sw[1] in module top_labo_3 is either unconnected or has no load
---------------------------------------------------------------------------------
Finished Cross Boundary and Area Optimization : Time (s): cpu = 00:00:08 ; elapsed = 00:00:08 . Memory (MB): peak = 2132.621 ; gain = 672.305 ; free physical = 13382 ; free virtual = 33024
---------------------------------------------------------------------------------
---------------------------------------------------------------------------------
Start ROM, RAM, DSP, Shift Register and Retiming Reporting
---------------------------------------------------------------------------------

ROM: Preliminary Mapping Report
+------------+-------------+---------------+----------------+
|Module Name | RTL Object  | Depth x Width | Implemented As | 
+------------+-------------+---------------+----------------+
|top_labo_3  | lessegments | 128x8         | LUT            | 
|top_labo_3  | lessegments | 128x8         | LUT            | 
|top_labo_3  | lessegments | 128x8         | LUT            | 
|top_labo_3  | lessegments | 128x8         | LUT            | 
|top_labo_3  | lessegments | 128x8         | LUT            | 
|top_labo_3  | lessegments | 128x8         | LUT            | 
|top_labo_3  | lessegments | 128x8         | LUT            | 
+------------+-------------+---------------+----------------+

---------------------------------------------------------------------------------
Finished ROM, RAM, DSP, Shift Register and Retiming Reporting
---------------------------------------------------------------------------------
---------------------------------------------------------------------------------
Start Applying XDC Timing Constraints
---------------------------------------------------------------------------------
---------------------------------------------------------------------------------
Finished Applying XDC Timing Constraints : Time (s): cpu = 00:00:11 ; elapsed = 00:00:11 . Memory (MB): peak = 2155.621 ; gain = 695.305 ; free physical = 13356 ; free virtual = 32998
---------------------------------------------------------------------------------
---------------------------------------------------------------------------------
Start Timing Optimization
---------------------------------------------------------------------------------
---------------------------------------------------------------------------------
Finished Timing Optimization : Time (s): cpu = 00:00:11 ; elapsed = 00:00:11 . Memory (MB): peak = 2174.652 ; gain = 714.336 ; free physical = 13340 ; free virtual = 32982
---------------------------------------------------------------------------------
---------------------------------------------------------------------------------
Start Technology Mapping
---------------------------------------------------------------------------------
---------------------------------------------------------------------------------
Finished Technology Mapping : Time (s): cpu = 00:00:11 ; elapsed = 00:00:11 . Memory (MB): peak = 2175.660 ; gain = 715.344 ; free physical = 13332 ; free virtual = 32974
---------------------------------------------------------------------------------
---------------------------------------------------------------------------------
Start IO Insertion
---------------------------------------------------------------------------------
---------------------------------------------------------------------------------
Start Flattening Before IO Insertion
---------------------------------------------------------------------------------
---------------------------------------------------------------------------------
Finished Flattening Before IO Insertion
---------------------------------------------------------------------------------
---------------------------------------------------------------------------------
Start Final Netlist Cleanup
---------------------------------------------------------------------------------
---------------------------------------------------------------------------------
Finished Final Netlist Cleanup
---------------------------------------------------------------------------------
---------------------------------------------------------------------------------
Finished IO Insertion : Time (s): cpu = 00:00:13 ; elapsed = 00:00:13 . Memory (MB): peak = 2335.473 ; gain = 875.156 ; free physical = 13184 ; free virtual = 32826
---------------------------------------------------------------------------------
---------------------------------------------------------------------------------
Start Renaming Generated Instances
---------------------------------------------------------------------------------
---------------------------------------------------------------------------------
Finished Renaming Generated Instances : Time (s): cpu = 00:00:13 ; elapsed = 00:00:13 . Memory (MB): peak = 2335.473 ; gain = 875.156 ; free physical = 13184 ; free virtual = 32826
---------------------------------------------------------------------------------
---------------------------------------------------------------------------------
Start Rebuilding User Hierarchy
---------------------------------------------------------------------------------
---------------------------------------------------------------------------------
Finished Rebuilding User Hierarchy : Time (s): cpu = 00:00:13 ; elapsed = 00:00:13 . Memory (MB): peak = 2335.473 ; gain = 875.156 ; free physical = 13184 ; free virtual = 32826
---------------------------------------------------------------------------------
---------------------------------------------------------------------------------
Start Renaming Generated Ports
---------------------------------------------------------------------------------
---------------------------------------------------------------------------------
Finished Renaming Generated Ports : Time (s): cpu = 00:00:13 ; elapsed = 00:00:13 . Memory (MB): peak = 2335.473 ; gain = 875.156 ; free physical = 13184 ; free virtual = 32826
---------------------------------------------------------------------------------
---------------------------------------------------------------------------------
Start Handling Custom Attributes
---------------------------------------------------------------------------------
---------------------------------------------------------------------------------
Finished Handling Custom Attributes : Time (s): cpu = 00:00:13 ; elapsed = 00:00:13 . Memory (MB): peak = 2335.473 ; gain = 875.156 ; free physical = 13184 ; free virtual = 32826
---------------------------------------------------------------------------------
---------------------------------------------------------------------------------
Start Renaming Generated Nets
---------------------------------------------------------------------------------
---------------------------------------------------------------------------------
Finished Renaming Generated Nets : Time (s): cpu = 00:00:13 ; elapsed = 00:00:13 . Memory (MB): peak = 2335.473 ; gain = 875.156 ; free physical = 13184 ; free virtual = 32826
---------------------------------------------------------------------------------
---------------------------------------------------------------------------------
Start Writing Synthesis Report
---------------------------------------------------------------------------------

Report BlackBoxes: 
+-+--------------+----------+
| |BlackBox name |Instances |
+-+--------------+----------+
+-+--------------+----------+

Report Cell Usage: 
+------+-------+------+
|      |Cell   |Count |
+------+-------+------+
|1     |BUFG   |     2|
|2     |CARRY4 |    10|
|3     |LUT1   |     4|
|4     |LUT2   |     7|
|5     |LUT3   |     9|
|6     |LUT4   |    11|
|7     |LUT5   |    11|
|8     |LUT6   |     4|
|9     |MUXF7  |     1|
|10    |FDCE   |     1|
|11    |FDRE   |    71|
|12    |IBUF   |     7|
|13    |OBUF   |    24|
|14    |OBUFT  |     4|
+------+-------+------+
---------------------------------------------------------------------------------
Finished Writing Synthesis Report : Time (s): cpu = 00:00:13 ; elapsed = 00:00:13 . Memory (MB): peak = 2335.473 ; gain = 875.156 ; free physical = 13184 ; free virtual = 32826
---------------------------------------------------------------------------------
Synthesis finished with 0 errors, 0 critical warnings and 21 warnings.
Synthesis Optimization Runtime : Time (s): cpu = 00:00:12 ; elapsed = 00:00:12 . Memory (MB): peak = 2335.473 ; gain = 730.406 ; free physical = 13184 ; free virtual = 32826
Synthesis Optimization Complete : Time (s): cpu = 00:00:13 ; elapsed = 00:00:13 . Memory (MB): peak = 2335.480 ; gain = 875.156 ; free physical = 13184 ; free virtual = 32826
INFO: [Project 1-571] Translating synthesized netlist
Netlist sorting complete. Time (s): cpu = 00:00:00 ; elapsed = 00:00:00.01 . Memory (MB): peak = 2335.480 ; gain = 0.000 ; free physical = 13291 ; free virtual = 32934
INFO: [Netlist 29-17] Analyzing 11 Unisim elements for replacement
INFO: [Netlist 29-28] Unisim Transformation completed in 1 CPU seconds
INFO: [Project 1-570] Preparing netlist for logic optimization
Parsing XDC File [/home/yanarion/Projet/basys3_enigme_scout/xdc/basys_3_top.xdc]
Finished Parsing XDC File [/home/yanarion/Projet/basys3_enigme_scout/xdc/basys_3_top.xdc]
INFO: [Opt 31-138] Pushed 0 inverter(s) to 0 load pin(s).
Netlist sorting complete. Time (s): cpu = 00:00:00 ; elapsed = 00:00:00 . Memory (MB): peak = 2391.500 ; gain = 0.000 ; free physical = 13331 ; free virtual = 32973
INFO: [Project 1-111] Unisim Transformation Summary:
No Unisim elements were transformed.

Synth Design complete | Checksum: 684f4159
INFO: [Common 17-83] Releasing license: Synthesis
25 Infos, 44 Warnings, 0 Critical Warnings and 0 Errors encountered.
synth_design completed successfully
synth_design: Time (s): cpu = 00:00:18 ; elapsed = 00:00:16 . Memory (MB): peak = 2391.500 ; gain = 1016.715 ; free physical = 13331 ; free virtual = 32973
INFO: [Common 17-2834] synth_design peak Physical Memory [PSS] (MB): overall = 1343.979; main = 1343.979; forked = 193.741
INFO: [Common 17-2834] synth_design peak Virtual Memory [VSS] (MB): overall = 3042.527; main = 2391.504; forked = 909.902
# place_design
Command: place_design
Attempting to get a license for feature 'Implementation' and/or device 'xc7a35t'
INFO: [Common 17-349] Got license for feature 'Implementation' and/or device 'xc7a35t'
INFO: [Common 17-83] Releasing license: Implementation
INFO: [DRC 23-27] Running DRC with 8 threads
INFO: [Vivado_Tcl 4-198] DRC finished with 0 Errors
INFO: [Vivado_Tcl 4-199] Please refer to the DRC report (report_drc) for more information.
Running DRC as a precondition to command place_design
INFO: [DRC 23-27] Running DRC with 8 threads
INFO: [Vivado_Tcl 4-198] DRC finished with 0 Errors
INFO: [Vivado_Tcl 4-199] Please refer to the DRC report (report_drc) for more information.
INFO: [Place 30-611] Multithreading enabled for place_design using a maximum of 8 CPUs

Starting Placer Task

Phase 1 Placer Initialization

Phase 1.1 Placer Initialization Netlist Sorting
Netlist sorting complete. Time (s): cpu = 00:00:00 ; elapsed = 00:00:00 . Memory (MB): peak = 2406.344 ; gain = 0.000 ; free physical = 13319 ; free virtual = 32962
Phase 1.1 Placer Initialization Netlist Sorting | Checksum: 175bc195b

Time (s): cpu = 00:00:00.02 ; elapsed = 00:00:00.03 . Memory (MB): peak = 2406.344 ; gain = 0.000 ; free physical = 13319 ; free virtual = 32962
INFO: [Timing 38-35] Done setting XDC timing constraints.
INFO: [Opt 31-138] Pushed 0 inverter(s) to 0 load pin(s).
Netlist sorting complete. Time (s): cpu = 00:00:00 ; elapsed = 00:00:00 . Memory (MB): peak = 2628.297 ; gain = 0.000 ; free physical = 13131 ; free virtual = 32773

Phase 1.2 IO Placement/ Clock Placement/ Build Placer Device
INFO: [Timing 38-35] Done setting XDC timing constraints.
Phase 1.2 IO Placement/ Clock Placement/ Build Placer Device | Checksum: 1962fedc6

Time (s): cpu = 00:00:04 ; elapsed = 00:00:03 . Memory (MB): peak = 2666.250 ; gain = 259.906 ; free physical = 13127 ; free virtual = 32769

Phase 1.3 Build Placer Netlist Model
Phase 1.3 Build Placer Netlist Model | Checksum: 1f6563ea7

Time (s): cpu = 00:00:04 ; elapsed = 00:00:04 . Memory (MB): peak = 2698.266 ; gain = 291.922 ; free physical = 13127 ; free virtual = 32769

Phase 1.4 Constrain Clocks/Macros
Phase 1.4 Constrain Clocks/Macros | Checksum: 1f6563ea7

Time (s): cpu = 00:00:04 ; elapsed = 00:00:04 . Memory (MB): peak = 2698.266 ; gain = 291.922 ; free physical = 13127 ; free virtual = 32769
Phase 1 Placer Initialization | Checksum: 1f6563ea7

Time (s): cpu = 00:00:04 ; elapsed = 00:00:04 . Memory (MB): peak = 2698.266 ; gain = 291.922 ; free physical = 13127 ; free virtual = 32769

Phase 2 Global Placement

Phase 2.1 Floorplanning
Phase 2.1 Floorplanning | Checksum: 276cada72

Time (s): cpu = 00:00:04 ; elapsed = 00:00:04 . Memory (MB): peak = 2698.266 ; gain = 291.922 ; free physical = 13106 ; free virtual = 32749

Phase 2.2 Update Timing before SLR Path Opt
Phase 2.2 Update Timing before SLR Path Opt | Checksum: 213ea8868

Time (s): cpu = 00:00:04 ; elapsed = 00:00:04 . Memory (MB): peak = 2698.266 ; gain = 291.922 ; free physical = 13106 ; free virtual = 32748

Phase 2.3 Post-Processing in Floorplanning
Phase 2.3 Post-Processing in Floorplanning | Checksum: 213ea8868

Time (s): cpu = 00:00:04 ; elapsed = 00:00:04 . Memory (MB): peak = 2698.266 ; gain = 291.922 ; free physical = 13106 ; free virtual = 32748

Phase 2.4 Global Place Phase1
Phase 2.4 Global Place Phase1 | Checksum: 1c9b82c26

Time (s): cpu = 00:00:04 ; elapsed = 00:00:04 . Memory (MB): peak = 2698.266 ; gain = 291.922 ; free physical = 13083 ; free virtual = 32725

Phase 2.5 Global Place Phase2

Phase 2.5.1 UpdateTiming Before Physical Synthesis
Phase 2.5.1 UpdateTiming Before Physical Synthesis | Checksum: 1e382afe8

Time (s): cpu = 00:00:04 ; elapsed = 00:00:04 . Memory (MB): peak = 2698.266 ; gain = 291.922 ; free physical = 13109 ; free virtual = 32752

Phase 2.5.2 Physical Synthesis In Placer
INFO: [Physopt 32-1044] Break lutnm for timing: one critical 0, two critical 0, total 0, new lutff created 0
INFO: [Physopt 32-1138] End 1 Pass. Optimized 0 net or LUT. Breaked 0 LUT, combined 0 existing LUT and moved 0 existing LUT
INFO: [Physopt 32-65] No nets found for high-fanout optimization.
INFO: [Physopt 32-232] Optimized 0 net. Created 0 new instance.
INFO: [Physopt 32-775] End 1 Pass. Optimized 0 net or cell. Created 0 new cell, deleted 0 existing cell and moved 0 existing cell
INFO: [Physopt 32-670] No setup violation found.  DSP Register Optimization was not performed.
INFO: [Physopt 32-670] No setup violation found.  Shift Register to Pipeline Optimization was not performed.
INFO: [Physopt 32-670] No setup violation found.  Shift Register Optimization was not performed.
INFO: [Physopt 32-670] No setup violation found.  BRAM Register Optimization was not performed.
INFO: [Physopt 32-670] No setup violation found.  URAM Register Optimization was not performed.
INFO: [Physopt 32-949] No candidate nets found for dynamic/static region interface net replication
INFO: [Physopt 32-775] End 1 Pass. Optimized 0 net or cell. Created 0 new cell, deleted 0 existing cell and moved 0 existing cell
Netlist sorting complete. Time (s): cpu = 00:00:00 ; elapsed = 00:00:00 . Memory (MB): peak = 2698.266 ; gain = 0.000 ; free physical = 13166 ; free virtual = 32808

Summary of Physical Synthesis Optimizations
============================================


-----------------------------------------------------------------------------------------------------------------------------------------------------------
|  Optimization                                     |  Added Cells  |  Removed Cells  |  Optimized Cells/Nets  |  Dont Touch  |  Iterations  |  Elapsed   |
-----------------------------------------------------------------------------------------------------------------------------------------------------------
|  LUT Combining                                    |            0  |              0  |                     0  |           0  |           1  |  00:00:00  |
|  Retime                                           |            0  |              0  |                     0  |           0  |           1  |  00:00:00  |
|  Very High Fanout                                 |            0  |              0  |                     0  |           0  |           1  |  00:00:00  |
|  DSP Register                                     |            0  |              0  |                     0  |           0  |           0  |  00:00:00  |
|  Shift Register to Pipeline                       |            0  |              0  |                     0  |           0  |           0  |  00:00:00  |
|  Shift Register                                   |            0  |              0  |                     0  |           0  |           0  |  00:00:00  |
|  BRAM Register                                    |            0  |              0  |                     0  |           0  |           0  |  00:00:00  |
|  URAM Register                                    |            0  |              0  |                     0  |           0  |           0  |  00:00:00  |
|  Dynamic/Static Region Interface Net Replication  |            0  |              0  |                     0  |           0  |           1  |  00:00:00  |
|  Total                                            |            0  |              0  |                     0  |           0  |           4  |  00:00:00  |
-----------------------------------------------------------------------------------------------------------------------------------------------------------


Phase 2.5.2 Physical Synthesis In Placer | Checksum: 1e382afe8

Time (s): cpu = 00:00:04 ; elapsed = 00:00:04 . Memory (MB): peak = 2698.266 ; gain = 291.922 ; free physical = 13166 ; free virtual = 32808
Phase 2.5 Global Place Phase2 | Checksum: 2154538eb

Time (s): cpu = 00:00:04 ; elapsed = 00:00:04 . Memory (MB): peak = 2698.266 ; gain = 291.922 ; free physical = 13166 ; free virtual = 32808
Phase 2 Global Placement | Checksum: 2154538eb

Time (s): cpu = 00:00:04 ; elapsed = 00:00:04 . Memory (MB): peak = 2698.266 ; gain = 291.922 ; free physical = 13166 ; free virtual = 32808

Phase 3 Detail Placement

Phase 3.1 Commit Multi Column Macros
Phase 3.1 Commit Multi Column Macros | Checksum: 1ac2e5afd

Time (s): cpu = 00:00:04 ; elapsed = 00:00:04 . Memory (MB): peak = 2698.266 ; gain = 291.922 ; free physical = 13166 ; free virtual = 32809

Phase 3.2 Commit Most Macros & LUTRAMs
Phase 3.2 Commit Most Macros & LUTRAMs | Checksum: 1d7a2925a

Time (s): cpu = 00:00:04 ; elapsed = 00:00:04 . Memory (MB): peak = 2698.266 ; gain = 291.922 ; free physical = 13166 ; free virtual = 32808

Phase 3.3 Area Swap Optimization
Phase 3.3 Area Swap Optimization | Checksum: 1d5ab57db

Time (s): cpu = 00:00:04 ; elapsed = 00:00:04 . Memory (MB): peak = 2698.266 ; gain = 291.922 ; free physical = 13166 ; free virtual = 32808

Phase 3.4 Pipeline Register Optimization
Phase 3.4 Pipeline Register Optimization | Checksum: 1834b10f3

Time (s): cpu = 00:00:04 ; elapsed = 00:00:04 . Memory (MB): peak = 2698.266 ; gain = 291.922 ; free physical = 13166 ; free virtual = 32808

Phase 3.5 Small Shape Detail Placement
Phase 3.5 Small Shape Detail Placement | Checksum: 194cc33a8

Time (s): cpu = 00:00:05 ; elapsed = 00:00:04 . Memory (MB): peak = 2698.266 ; gain = 291.922 ; free physical = 13169 ; free virtual = 32812

Phase 3.6 Re-assign LUT pins
Phase 3.6 Re-assign LUT pins | Checksum: 1b9edbe0d

Time (s): cpu = 00:00:05 ; elapsed = 00:00:04 . Memory (MB): peak = 2698.266 ; gain = 291.922 ; free physical = 13169 ; free virtual = 32812

Phase 3.7 Pipeline Register Optimization
Phase 3.7 Pipeline Register Optimization | Checksum: 1508de505

Time (s): cpu = 00:00:05 ; elapsed = 00:00:04 . Memory (MB): peak = 2698.266 ; gain = 291.922 ; free physical = 13169 ; free virtual = 32812
Phase 3 Detail Placement | Checksum: 1508de505

Time (s): cpu = 00:00:05 ; elapsed = 00:00:04 . Memory (MB): peak = 2698.266 ; gain = 291.922 ; free physical = 13169 ; free virtual = 32812

Phase 4 Post Placement Optimization and Clean-Up

Phase 4.1 Post Commit Optimization
INFO: [Timing 38-35] Done setting XDC timing constraints.

Phase 4.1.1 Post Placement Optimization
Post Placement Optimization Initialization | Checksum: 1ad22fa6a

Phase 4.1.1.1 BUFG Insertion

Starting Physical Synthesis Task

Phase 1 Physical Synthesis Initialization
INFO: [Physopt 32-721] Multithreading enabled for phys_opt_design using a maximum of 8 CPUs
INFO: [Physopt 32-619] Estimated Timing Summary | WNS=6.293 | TNS=0.000 |
Phase 1 Physical Synthesis Initialization | Checksum: fa74e799

Time (s): cpu = 00:00:00.04 ; elapsed = 00:00:00.01 . Memory (MB): peak = 2698.266 ; gain = 0.000 ; free physical = 13161 ; free virtual = 32804
INFO: [Place 46-56] BUFG insertion identified 0 candidate nets. Inserted BUFG: 0, Replicated BUFG Driver: 0, Skipped due to Placement/Routing Conflicts: 0, Skipped due to Timing Degradation: 0, Skipped due to netlist editing failed: 0.
Ending Physical Synthesis Task | Checksum: 1c19ceace

Time (s): cpu = 00:00:00.04 ; elapsed = 00:00:00.01 . Memory (MB): peak = 2698.266 ; gain = 0.000 ; free physical = 13161 ; free virtual = 32804
Phase 4.1.1.1 BUFG Insertion | Checksum: 1ad22fa6a

Time (s): cpu = 00:00:05 ; elapsed = 00:00:04 . Memory (MB): peak = 2698.266 ; gain = 291.922 ; free physical = 13161 ; free virtual = 32804

Phase 4.1.1.2 Post Placement Timing Optimization
INFO: [Place 30-746] Post Placement Timing Summary WNS=6.293. For the most accurate timing information please run report_timing.
Phase 4.1.1.2 Post Placement Timing Optimization | Checksum: 1dda38a6d

Time (s): cpu = 00:00:05 ; elapsed = 00:00:04 . Memory (MB): peak = 2698.266 ; gain = 291.922 ; free physical = 13161 ; free virtual = 32804

Time (s): cpu = 00:00:05 ; elapsed = 00:00:04 . Memory (MB): peak = 2698.266 ; gain = 291.922 ; free physical = 13161 ; free virtual = 32804
Phase 4.1 Post Commit Optimization | Checksum: 1dda38a6d

Time (s): cpu = 00:00:05 ; elapsed = 00:00:04 . Memory (MB): peak = 2698.266 ; gain = 291.922 ; free physical = 13161 ; free virtual = 32804

Phase 4.2 Post Placement Cleanup
Phase 4.2 Post Placement Cleanup | Checksum: 1dda38a6d

Time (s): cpu = 00:00:05 ; elapsed = 00:00:04 . Memory (MB): peak = 2698.266 ; gain = 291.922 ; free physical = 13161 ; free virtual = 32804

Phase 4.3 Placer Reporting

Phase 4.3.1 Print Estimated Congestion
INFO: [Place 30-612] Post-Placement Estimated Congestion 
 ____________________________________________________
|           | Global Congestion | Short Congestion  |
| Direction | Region Size       | Region Size       |
|___________|___________________|___________________|
|      North|                1x1|                1x1|
|___________|___________________|___________________|
|      South|                1x1|                1x1|
|___________|___________________|___________________|
|       East|                1x1|                1x1|
|___________|___________________|___________________|
|       West|                1x1|                1x1|
|___________|___________________|___________________|

Phase 4.3.1 Print Estimated Congestion | Checksum: 1dda38a6d

Time (s): cpu = 00:00:05 ; elapsed = 00:00:04 . Memory (MB): peak = 2698.266 ; gain = 291.922 ; free physical = 13161 ; free virtual = 32803
Phase 4.3 Placer Reporting | Checksum: 1dda38a6d

Time (s): cpu = 00:00:05 ; elapsed = 00:00:04 . Memory (MB): peak = 2698.266 ; gain = 291.922 ; free physical = 13161 ; free virtual = 32803

Phase 4.4 Final Placement Cleanup
Netlist sorting complete. Time (s): cpu = 00:00:00 ; elapsed = 00:00:00 . Memory (MB): peak = 2698.266 ; gain = 0.000 ; free physical = 13161 ; free virtual = 32803

Time (s): cpu = 00:00:05 ; elapsed = 00:00:04 . Memory (MB): peak = 2698.266 ; gain = 291.922 ; free physical = 13161 ; free virtual = 32803
Phase 4 Post Placement Optimization and Clean-Up | Checksum: 1c4bd874d

Time (s): cpu = 00:00:05 ; elapsed = 00:00:04 . Memory (MB): peak = 2698.266 ; gain = 291.922 ; free physical = 13161 ; free virtual = 32803
Ending Placer Task | Checksum: 14067a655

Time (s): cpu = 00:00:05 ; elapsed = 00:00:04 . Memory (MB): peak = 2698.266 ; gain = 291.922 ; free physical = 13161 ; free virtual = 32803
30 Infos, 0 Warnings, 0 Critical Warnings and 0 Errors encountered.
place_design completed successfully
# route_design
Command: route_design
Attempting to get a license for feature 'Implementation' and/or device 'xc7a35t'
INFO: [Common 17-349] Got license for feature 'Implementation' and/or device 'xc7a35t'


Starting Routing Task
INFO: [Route 35-254] Multithreading enabled for route_design using a maximum of 8 CPUs

Phase 1 Build RT Design
Checksum: PlaceDB: 7a7bf7d3 ConstDB: 0 ShapeSum: 256a522b RouteDB: a0815c57
Post Restoration Checksum: NetGraph: 3e0e4325 | NumContArr: 41c15c7d | Constraints: c2a8fa9d | Timing: c2a8fa9d
Phase 1 Build RT Design | Checksum: 2052194dc

Time (s): cpu = 00:00:09 ; elapsed = 00:00:08 . Memory (MB): peak = 2799.215 ; gain = 100.949 ; free physical = 12987 ; free virtual = 32629

Phase 2 Router Initialization

Phase 2.1 Fix Topology Constraints
Phase 2.1 Fix Topology Constraints | Checksum: 2052194dc

Time (s): cpu = 00:00:09 ; elapsed = 00:00:08 . Memory (MB): peak = 2799.215 ; gain = 100.949 ; free physical = 12987 ; free virtual = 32629

Phase 2.2 Pre Route Cleanup
Phase 2.2 Pre Route Cleanup | Checksum: 2052194dc

Time (s): cpu = 00:00:09 ; elapsed = 00:00:08 . Memory (MB): peak = 2799.215 ; gain = 100.949 ; free physical = 12987 ; free virtual = 32629
 Number of Nodes with overlaps = 0

Phase 2.3 Update Timing
Phase 2.3 Update Timing | Checksum: 29ae9c1cc

Time (s): cpu = 00:00:09 ; elapsed = 00:00:08 . Memory (MB): peak = 2824.215 ; gain = 125.949 ; free physical = 12963 ; free virtual = 32606
INFO: [Route 35-416] Intermediate Timing Summary | WNS=6.358  | TNS=0.000  | WHS=-0.065 | THS=-0.065 |


Router Utilization Summary
  Global Vertical Routing Utilization    = 0 %
  Global Horizontal Routing Utilization  = 0 %
  Routable Net Status*
  *Does not include unroutable nets such as driverless and loadless.
  Run report_route_status for detailed report.
  Number of Failed Nets               = 113
    (Failed Nets is the sum of unrouted and partially routed nets)
  Number of Unrouted Nets             = 113
  Number of Partially Routed Nets     = 0
  Number of Node Overlaps             = 0

Phase 2 Router Initialization | Checksum: 205d8006b

Time (s): cpu = 00:00:09 ; elapsed = 00:00:08 . Memory (MB): peak = 2824.215 ; gain = 125.949 ; free physical = 12959 ; free virtual = 32602

Phase 3 Global Routing
Phase 3 Global Routing | Checksum: 205d8006b

Time (s): cpu = 00:00:09 ; elapsed = 00:00:08 . Memory (MB): peak = 2824.215 ; gain = 125.949 ; free physical = 12959 ; free virtual = 32602

Phase 4 Initial Routing

Phase 4.1 Initial Net Routing Pass
Phase 4.1 Initial Net Routing Pass | Checksum: 2d461f10f

Time (s): cpu = 00:00:09 ; elapsed = 00:00:08 . Memory (MB): peak = 2824.215 ; gain = 125.949 ; free physical = 12959 ; free virtual = 32602
Phase 4 Initial Routing | Checksum: 2d461f10f

Time (s): cpu = 00:00:09 ; elapsed = 00:00:08 . Memory (MB): peak = 2824.215 ; gain = 125.949 ; free physical = 12959 ; free virtual = 32602

Phase 5 Rip-up And Reroute

Phase 5.1 Global Iteration 0
 Number of Nodes with overlaps = 1
 Number of Nodes with overlaps = 0
INFO: [Route 35-416] Intermediate Timing Summary | WNS=5.841  | TNS=0.000  | WHS=N/A    | THS=N/A    |

Phase 5.1 Global Iteration 0 | Checksum: 1701d2a54

Time (s): cpu = 00:00:09 ; elapsed = 00:00:08 . Memory (MB): peak = 2824.215 ; gain = 125.949 ; free physical = 12959 ; free virtual = 32602
Phase 5 Rip-up And Reroute | Checksum: 1701d2a54

Time (s): cpu = 00:00:09 ; elapsed = 00:00:08 . Memory (MB): peak = 2824.215 ; gain = 125.949 ; free physical = 12959 ; free virtual = 32602

Phase 6 Delay and Skew Optimization

Phase 6.1 Delay CleanUp
Phase 6.1 Delay CleanUp | Checksum: 1701d2a54

Time (s): cpu = 00:00:09 ; elapsed = 00:00:08 . Memory (MB): peak = 2824.215 ; gain = 125.949 ; free physical = 12959 ; free virtual = 32602

Phase 6.2 Clock Skew Optimization
Phase 6.2 Clock Skew Optimization | Checksum: 1701d2a54

Time (s): cpu = 00:00:09 ; elapsed = 00:00:08 . Memory (MB): peak = 2824.215 ; gain = 125.949 ; free physical = 12959 ; free virtual = 32602
Phase 6 Delay and Skew Optimization | Checksum: 1701d2a54

Time (s): cpu = 00:00:09 ; elapsed = 00:00:08 . Memory (MB): peak = 2824.215 ; gain = 125.949 ; free physical = 12959 ; free virtual = 32602

Phase 7 Post Hold Fix

Phase 7.1 Hold Fix Iter
INFO: [Route 35-416] Intermediate Timing Summary | WNS=5.935  | TNS=0.000  | WHS=0.115  | THS=0.000  |

Phase 7.1 Hold Fix Iter | Checksum: 142782d72

Time (s): cpu = 00:00:09 ; elapsed = 00:00:08 . Memory (MB): peak = 2824.215 ; gain = 125.949 ; free physical = 12959 ; free virtual = 32602
Phase 7 Post Hold Fix | Checksum: 142782d72

Time (s): cpu = 00:00:09 ; elapsed = 00:00:08 . Memory (MB): peak = 2824.215 ; gain = 125.949 ; free physical = 12959 ; free virtual = 32602

Phase 8 Route finalize

Router Utilization Summary
  Global Vertical Routing Utilization    = 0.0372319 %
  Global Horizontal Routing Utilization  = 0.0525768 %
  Routable Net Status*
  *Does not include unroutable nets such as driverless and loadless.
  Run report_route_status for detailed report.
  Number of Failed Nets               = 0
    (Failed Nets is the sum of unrouted and partially routed nets)
  Number of Unrouted Nets             = 0
  Number of Partially Routed Nets     = 0
  Number of Node Overlaps             = 0

Phase 8 Route finalize | Checksum: 142782d72

Time (s): cpu = 00:00:10 ; elapsed = 00:00:08 . Memory (MB): peak = 2824.215 ; gain = 125.949 ; free physical = 12959 ; free virtual = 32602

Phase 9 Verifying routed nets

 Verification completed successfully
Phase 9 Verifying routed nets | Checksum: 142782d72

Time (s): cpu = 00:00:10 ; elapsed = 00:00:08 . Memory (MB): peak = 2824.215 ; gain = 125.949 ; free physical = 12959 ; free virtual = 32601

Phase 10 Depositing Routes
Phase 10 Depositing Routes | Checksum: 2017297f1

Time (s): cpu = 00:00:10 ; elapsed = 00:00:08 . Memory (MB): peak = 2824.215 ; gain = 125.949 ; free physical = 12959 ; free virtual = 32601

Phase 11 Post Process Routing
Phase 11 Post Process Routing | Checksum: 2017297f1

Time (s): cpu = 00:00:10 ; elapsed = 00:00:08 . Memory (MB): peak = 2824.215 ; gain = 125.949 ; free physical = 12959 ; free virtual = 32601

Phase 12 Post Router Timing
INFO: [Route 35-57] Estimated Timing Summary | WNS=5.935  | TNS=0.000  | WHS=0.115  | THS=0.000  |

INFO: [Route 35-327] The final timing numbers are based on the router estimated timing analysis. For a complete and accurate timing signoff, please run report_timing_summary.
Phase 12 Post Router Timing | Checksum: 2017297f1

Time (s): cpu = 00:00:10 ; elapsed = 00:00:08 . Memory (MB): peak = 2824.215 ; gain = 125.949 ; free physical = 12959 ; free virtual = 32601
Total Elapsed time in route_design: 8.01 secs

Phase 13 Post-Route Event Processing
Phase 13 Post-Route Event Processing | Checksum: b5f0824d

Time (s): cpu = 00:00:10 ; elapsed = 00:00:08 . Memory (MB): peak = 2824.215 ; gain = 125.949 ; free physical = 12959 ; free virtual = 32601
INFO: [Route 35-16] Router Completed Successfully
Ending Routing Task | Checksum: b5f0824d

Time (s): cpu = 00:00:10 ; elapsed = 00:00:08 . Memory (MB): peak = 2824.215 ; gain = 125.949 ; free physical = 12959 ; free virtual = 32601

Routing Is Done.
INFO: [Common 17-83] Releasing license: Implementation
9 Infos, 0 Warnings, 0 Critical Warnings and 0 Errors encountered.
route_design completed successfully
route_design: Time (s): cpu = 00:00:10 ; elapsed = 00:00:08 . Memory (MB): peak = 2824.215 ; gain = 125.949 ; free physical = 12959 ; free virtual = 32601
# write_bitstream -force top_labo_3.bit
Command: write_bitstream -force top_labo_3.bit
Attempting to get a license for feature 'Implementation' and/or device 'xc7a35t'
INFO: [Common 17-349] Got license for feature 'Implementation' and/or device 'xc7a35t'
Running DRC as a precondition to command write_bitstream
INFO: [IP_Flow 19-234] Refreshing IP repositories
INFO: [IP_Flow 19-1704] No user IP repositories specified
INFO: [IP_Flow 19-2313] Loaded Vivado IP repository '/tools/Xilinx/Vivado/2024.2/data/ip'.
INFO: [DRC 23-27] Running DRC with 8 threads
INFO: [Vivado 12-3199] DRC finished with 0 Errors
INFO: [Vivado 12-3200] Please refer to the DRC report (report_drc) for more information.
INFO: [Designutils 20-2272] Running write_bitstream with 8 threads.
Loading data files...
Loading site data...
Loading route data...
Processing options...
Creating bitmap...
Creating bitstream...
Writing bitstream ./top_labo_3.bit...
INFO: [Vivado 12-1842] Bitgen Completed Successfully.
INFO: [Project 1-1876] WebTalk data collection is mandatory when using a ULT device. To see the specific WebTalk data collected for your design, open the usage_statistics_webtalk.html or usage_statistics_webtalk.xml file in the implementation directory.
INFO: [Common 17-83] Releasing license: Implementation
11 Infos, 0 Warnings, 0 Critical Warnings and 0 Errors encountered.
write_bitstream completed successfully
write_bitstream: Time (s): cpu = 00:00:08 ; elapsed = 00:00:14 . Memory (MB): peak = 3190.699 ; gain = 366.484 ; free physical = 12545 ; free virtual = 32188
# open_hw_manager
# connect_hw_server
INFO: [Labtools 27-2285] Connecting to hw_server url TCP:localhost:3121
INFO: [Labtools 27-3415] Connecting to cs_server url TCP:localhost:0
INFO: [Labtools 27-3417] Launching cs_server...
INFO: [Labtools 27-2221] Launch Output:


******** Xilinx cs_server v2024.2.0
  ****** Build date   : Oct 30 2024-14:19:07
    **** Build number : 2024.2.1730312347
      ** Copyright 2017-2022 Xilinx, Inc. All Rights Reserved.
      ** Copyright 2022-2024 Advanced Micro Devices, Inc. All Rights Reserved.



# get_hw_targets
# open_hw_target
INFO: [Labtoolstcl 44-466] Opening hw_target localhost:3121/xilinx_tcf/Digilent/210183B03CFAA
# current_hw_device [get_hw_devices xc7a35t_0]
# set_property PROGRAM.FILE {top_labo_3.bit} [get_hw_devices xc7a35t_0]
# program_hw_devices [get_hw_devices xc7a35t_0]
INFO: [Labtools 27-3164] End of startup status: HIGH
